do run
loading script "jan_unknown400_120.py"
loading script "jan_pump_ms.py"
loading script "jan_co2.py"
loading script "jan_pump_extraction_line.py"
testing...
no interpolation path defined
executed 556.052928
script duration name:unknown400_120 seconds:556.0
loading script "jan_unknown400_120.py"
loading script "jan_pump_ms.py"
loading script "jan_co2.py"
loading script "jan_pump_extraction_line.py"
testing...
no interpolation path defined
executed 0
loading script "jan_unknown400_120.py"
loading script "jan_pump_ms.py"
loading script "jan_co2.py"
loading script "jan_pump_extraction_line.py"
testing...
no interpolation path defined
calculate duration
testing...
no interpolation path defined
executed 0
calculate duration
testing...
no interpolation path defined
executed 0
executed 0.0
script duration name:co2 seconds:0.0
loading script "jan_unknown400_120.py"
loading script "jan_pump_ms.py"
loading script "jan_co2.py"
loading script "jan_pump_extraction_line.py"
testing...
no interpolation path defined
calculate duration
testing...
no interpolation path defined
executed 4.0
executed 4.0
Script duration 556.0
Run total estimated duration= 557.000
run duration: 0:09:17
doing event level: 2
11:29:54 -- Setting default integration. t=1.048576
setting integration time = 1.048576
SetIntegrationTime 1.048576 ===>> OK
----------------- start -----------------
**************** Experiment Type: Ar/Ar, Ar/Ar
close session 4993164304
$$$$$ Clearing conditionals
adding conditionals 
Add queue conditionals
add default conditionals
adding default conditionals from /Users/jan/PychronDev/setupfiles/spectrometer/default_conditionals.yaml
Start automated run 65586-01
loading script "jan_unknown400_120.py"
loading script "jan_pump_ms.py"
loading script "jan_co2.py"
loading script "jan_pump_extraction_line.py"
%%%%%%%%%%%%%%%%%% setting automated run 65586-01
No value "sensitivity_multiplier" in metadata
$$$$$$$$$$$$$$$ auto_save_detector_ic=False
============================= Pre Extraction Check =============================
loading queue conditionals pre_run_terminations
loading system conditionals pre_run_terminations
loading conditionals from /Users/jan/PychronDev/setupfiles/spectrometer/default_conditionals.yaml
11:29:54 -- ******* Pre Extraction Check *******
Get a measurement from the spectrometer
GetData ===>> H2,-0.187672622476327,H1,-0.0277923263388267,AX,0.00394475006219752,L1,-0.0453921833492271,L2,-0....
Pre Extraction Termination data. keys=H2,H1,AX,L1,L2,CDD, signals=-0.18767,-0.02779,0.00394,-0.04539,-0.04095,0.00223
11:29:54 -- testing system defined conditionals
Checking default pre extraction terminations n=2
testing CDD
evaluate ot="CDD.inactive" t="CDD", ctx="{'CDD': False}"
GetDeflection CDD ===>> 50
testing CDD==2000
evaluate ot="CDD.deflection==2000" t="CDD==2000", ctx="{'CDD': 50.0}"
11:29:54 -- ******* Pre Extraction Check Passed *******
=================================================================================
11:29:54 -- stopping status monitor
stop 4982233424
Alive clients [4990065168]
11:29:54 -- starting status monitor
start 4982233424
Monitor already running
start extraction
do extraction
Analysis started at 11:29:54.793586
Extraction Started jan_co2.py
11:29:54 -- ******* Extraction Started jan_co2.py *******
state changed from not run to extraction
DO EXTRACTION <pychron.extraction_line.pyscript_runner.RemotePyScriptRunner object at 0x12c57c950>
testing...
no interpolation path defined
calculate duration
testing...
no interpolation path defined
executed 0
calculate duration
testing...
no interpolation path defined
executed 0
executed 100.0
Jan CO2 laser analysis
doing GOSUB
testing...
no interpolation path defined
executed 0
Waiting for CO2 access
wait ('FelixCO2Flag', 0) {}
waiting for FelixCO2Flag = 0
Read FelixCO2Flag ===>> 0
finished waiting
CO2 free
wait ('CO2PumpTimeFlag', 0) {}
waiting for CO2PumpTimeFlag = 0
Read CO2PumpTimeFlag ===>> 0
finished waiting
acquire ('JanCO2Flag',) {'clear': True}
acquire JanCO2Flag
Set JanCO2Flag 1 ===>> OK
JanCO2Flag acquired
set extraction state False (0.75, 'red', 1.5)
CO2 acquired
executed 0
WaitForCO2Access.py completed successfully
gosub finished
doing GOSUB
testing...
no interpolation path defined
executed 0
Prepare for CO2 analysis
close () {'description': 'Jan Inlet'}
closing name=--- desc=Jan Inlet
checking ownership. requestor=129.138.12.150
check software interlocks R
interlocks []
actuate state mode=None-script, software_lock=False
doing actuation None-script close_channel False
Close R ===>> OK
GetValveState R ===>> False
change switch state (True, True)
update switch state R False args=() kw={} ncanvase=2
11:29:55 -- CLOSE  VALVE-R (Jan Inlet)
---------------------------------------- close None (Jan Inlet) result=[(True, True)]
action=close, ok=True, locked=[False]
open () {'description': 'Jan Ion Pump'}
opening name=--- desc=Jan Ion Pump
checking ownership. requestor=129.138.12.150
check software interlocks O
interlocks []
actuate state mode=None-script, software_lock=False
doing actuation None-script open_channel False
Open O ===>> OK
GetValveState O ===>> OK
change switch state (True, True)
update switch state O True args=() kw={} ncanvase=2
11:29:55 -- OPEN   VALVE-O (Jan Ion Pump)
---------------------------------------- open None (Jan Ion Pump) result=[(True, True)], time=0.08 sec
action=open, ok=True, locked=[False]
close () {'description': 'Microbone to Minibone'}
closing name=--- desc=Microbone to Minibone
checking ownership. requestor=129.138.12.150
check software interlocks L
interlocks []
actuate state mode=None-script, software_lock=False
doing actuation None-script close_channel False
Close L ===>> OK
GetValveState L ===>> False
change switch state (True, True)
update switch state L False args=() kw={} ncanvase=2
11:29:56 -- CLOSE  VALVE-L (Microbone to Minibone)
---------------------------------------- close None (Microbone to Minibone) result=[(True, True)]
action=close, ok=True, locked=[False]
open () {'description': 'Microbone to Turbo'}
opening name=--- desc=Microbone to Turbo
checking ownership. requestor=129.138.12.150
check software interlocks U
interlocks []
actuate state mode=None-script, software_lock=False
doing actuation None-script open_channel False
Open U ===>> OK
GetValveState U ===>> OK
change switch state (True, True)
update switch state U True args=() kw={} ncanvase=2
11:29:56 -- OPEN   VALVE-U (Microbone to Turbo)
---------------------------------------- open None (Microbone to Turbo) result=[(True, True)], time=0.12 sec
Get Checksum: 998796431
action=open, ok=True, locked=[False]
open () {'description': 'Microbone to Inlet Pipette'}
opening name=--- desc=Microbone to Inlet Pipette
checking ownership. requestor=129.138.12.150
check software interlocks S
interlocks []
actuate state mode=None-script, software_lock=False
doing actuation None-script open_channel False
Open S ===>> OK
GetValveState S ===>> OK
change switch state (True, True)
update switch state S True args=() kw={} ncanvase=2
11:29:57 -- OPEN   VALVE-S (Microbone to Inlet Pipette)
---------------------------------------- open None (Microbone to Inlet Pipette) result=[(True, True)], time=0.38 sec
action=open, ok=True, locked=[False]
open () {'description': 'Microbone to Getter D-50'}
opening name=--- desc=Microbone to Getter D-50
checking ownership. requestor=129.138.12.150
check software interlocks K
interlocks []
actuate state mode=None-script, software_lock=False
doing actuation None-script open_channel False
Open K ===>> OK
GetValveState K ===>> OK
change switch state (True, True)
update switch state K True args=() kw={} ncanvase=2
11:29:57 -- OPEN   VALVE-K (Microbone to Getter D-50)
---------------------------------------- open None (Microbone to Getter D-50) result=[(True, True)], time=0.39 sec
action=open, ok=True, locked=[False]
open () {'description': 'Microbone to Getter NP-10'}
opening name=--- desc=Microbone to Getter NP-10
checking ownership. requestor=129.138.12.150
check software interlocks M
interlocks []
actuate state mode=None-script, software_lock=False
doing actuation None-script open_channel False
Open M ===>> OK
GetValveState M ===>> OK
change switch state (True, True)
update switch state M True args=() kw={} ncanvase=2
11:29:58 -- OPEN   VALVE-M (Microbone to Getter NP-10)
---------------------------------------- open None (Microbone to Getter NP-10) result=[(True, True)], time=0.12 sec
action=open, ok=True, locked=[False]
close () {'description': 'CO2 Laser to Felix'}
closing name=--- desc=CO2 Laser to Felix
checking ownership. requestor=129.138.12.150
check software interlocks F
interlocks []
actuate state mode=None-script, software_lock=True
VALVE-F(CO2 Laser to Felix) software locked
change switch state (True, False)
---------------------------------------- close None (CO2 Laser to Felix) result=[(True, False)]
action=close, ok=True, locked=[True]
open () {'description': 'CO2 Laser to Jan'}
opening name=--- desc=CO2 Laser to Jan
checking ownership. requestor=129.138.12.150
check software interlocks A
interlocks []
actuate state mode=None-script, software_lock=False
doing actuation None-script open_channel False
Open A ===>> OK
GetValveState A ===>> OK
change switch state (True, True)
update switch state A True args=() kw={} ncanvase=2
11:29:58 -- OPEN   VALVE-A (CO2 Laser to Jan)
---------------------------------------- open None (CO2 Laser to Jan) result=[(True, True)], time=0.12 sec
action=open, ok=True, locked=[False]
open () {'description': 'Microbone to CO2 Laser'}
opening name=--- desc=Microbone to CO2 Laser
checking ownership. requestor=129.138.12.150
check software interlocks T
interlocks []
actuate state mode=None-script, software_lock=False
doing actuation None-script open_channel False
Open T ===>> OK
GetValveState T ===>> OK
change switch state (True, True)
update switch state T True args=() kw={} ncanvase=2
11:29:59 -- OPEN   VALVE-T (Microbone to CO2 Laser)
---------------------------------------- open None (Microbone to CO2 Laser) result=[(True, True)], time=0.38 sec
action=open, ok=True, locked=[False]
executed 0
PrepareForCO2Analysis.py completed successfully
gosub finished
set_motor ('beam', '1.25') {}
setting motor "beam" to 1.25
set motor beam to 1.25
SetMotor beam,1.25 ===>> OK
Get Checksum: 998796431
GetMotorMoving beam ===>> False
GetMotorMoving beam ===>> False
Block completed
move_to_position ('209',) {'autocenter': True}
FusionsCO2 move to position 209
sending GoToHole 209,True
GoToHole 209,True ===>> OK
GetDriveMoving ===>> OK
GetDriveMoving ===>> OK
GetDriveMoving ===>> OK
GetDriveMoving ===>> OK
GetDriveMoving ===>> OK
GetDriveMoving ===>> OK
Get Checksum: 998796431
GetDriveMoving ===>> OK
GetDriveMoving ===>> OK
GetDriveMoving ===>> OK
GetDriveMoving ===>> OK
GetDriveMoving ===>> OK
GetDriveMoving ===>> OK
GetDriveMoving ===>> OK
GetDriveMoving ===>> OK
GetDriveMoving ===>> OK
GetDriveMoving ===>> OK
GetDriveMoving ===>> OK
GetDriveMoving ===>> OK
Get Checksum: 998796431
GetDriveMoving ===>> OK
GetDriveMoving ===>> OK
GetDriveMoving ===>> OK
GetDriveMoving ===>> OK
GetDriveMoving ===>> OK
GetDriveMoving ===>> OK
GetDriveMoving ===>> OK
GetDriveMoving ===>> OK
GetDriveMoving ===>> OK
GetDriveMoving ===>> OK
GetDriveMoving ===>> OK
GetDriveMoving ===>> OK
Get Checksum: 998796431
GetDriveMoving ===>> OK
GetDriveMoving ===>> OK
GetDriveMoving ===>> OK
GetDriveMoving ===>> OK
GetDriveMoving ===>> OK
GetDriveMoving ===>> OK
GetDriveMoving ===>> OK
GetDriveMoving ===>> OK
GetDriveMoving ===>> OK
GetDriveMoving ===>> OK
GetDriveMoving ===>> OK
Get Checksum: 998796431
GetDriveMoving ===>> OK
GetDriveMoving ===>> OK
GetDriveMoving ===>> OK
GetDriveMoving ===>> OK
GetDriveMoving ===>> OK
GetDriveMoving ===>> OK
GetDriveMoving ===>> OK
GetDriveMoving ===>> OK
GetDriveMoving ===>> OK
GetDriveMoving ===>> OK
GetDriveMoving ===>> False
GetDriveMoving ===>> OK
Get Checksum: 998796431
GetDriveMoving ===>> OK
GetDriveMoving ===>> OK
GetDriveMoving ===>> OK
GetDriveMoving ===>> OK
GetDriveMoving ===>> OK
GetDriveMoving ===>> OK
GetDriveMoving ===>> OK
GetDriveMoving ===>> False
Block completed
GetAutoCorrecting ===>> OK
GetAutoCorrecting ===>> OK
Get Checksum: 998796431
GetAutoCorrecting ===>> OK
GetAutoCorrecting ===>> OK
GetAutoCorrecting ===>> OK
GetAutoCorrecting ===>> OK
GetAutoCorrecting ===>> OK
GetAutoCorrecting ===>> OK
Get Checksum: 998796431
GetAutoCorrecting ===>> OK
GetAutoCorrecting ===>> OK
GetAutoCorrecting ===>> False
GetAutoCorrecting ===>> False
Block completed
update position
GetPosition ===>> -5.98170,-13.95730,1.00000
got position (-5.9817, -13.9573, 1.0)
move to position succeeded
sleep (5,) {}
SLEEP 5.0
block started
WaitControl setup for 5.0  
Get Checksum: 998796431
Get Checksum: 998796431
Join finished
block finished. duration 5.0160009861
close () {'description': 'Microbone to Turbo'}
closing name=--- desc=Microbone to Turbo
checking ownership. requestor=129.138.12.150
check software interlocks U
interlocks []
actuate state mode=None-script, software_lock=False
doing actuation None-script close_channel True
Close U ===>> OK
set states for children of U. state=False
handle state [('U', False)]
update switch state U False args=() kw={'refresh': False} ncanvase=2
refresh_canvas_needed fired
GetValveState U ===>> False
change switch state (True, True)
update switch state U False args=() kw={} ncanvase=2
11:30:28 -- CLOSE  VALVE-U (Microbone to Turbo)
---------------------------------------- close None (Microbone to Turbo) result=[(True, True)]
action=close, ok=True, locked=[False]
enable laser
enable () {}
set extraction state FusionsCO2 Enabled (False, 'red', 1.5)
enabling laser
Enable ===>> OK
begin interval
BEGIN INTERVAL Interval 1 waiting for 30.0
block started
set extract to 5.0
WaitControl setup for 30.0  
extract (5.0,) {}
GetPosition ===>> -5.98170,-13.95730,1.00000
set extraction state FusionsCO2 ON! 5.0(watts) (0.75, 'red', 1.5)
extract sample to 5.0 (watts)
set laser output
SetLaserOutput 5.0,watts ===>> OK
COMPLETE INTERVAL waiting for Interval 1 to complete
Get Checksum: -2130039545
Get Checksum: -2130039545
Get Checksum: -2130039545
Get Checksum: -2130039545
Get Checksum: -2130039545
Get Checksum: -2130039545
Get Checksum: -2130039545
Get Checksum: -2130039545
Get Checksum: -2130039545
Get Checksum: -2130039545
Join finished
block finished. duration 30.0486841202
Interval 1 finished
end_extract () {}
ending extraction. set laser power to 0
set laser power 0
SetLaserPower 0 ===>> OK
disable () {}
%%%%%%%%%%%%%%%%%%%%%%%%%%%%%%%%%%% disable
set extraction state False (0.75, 'red', 1.5)
disabling laser
Disable ===>> OK
sleep (30.0,) {}
SLEEP 30.0
block started
WaitControl setup for 30.0  
Get Checksum: -2130039545
Get Checksum: -2130039545
Get Checksum: -2130039545
Get Checksum: -2130039545
Get Checksum: -2130039545
Get Checksum: -2130039545
Get Checksum: -2130039545
Get Checksum: -2130039545
Get Checksum: -2130039545
Join finished
block finished. duration 30.0562770367
executed 195.0
jan_co2.py completed successfully
GetAchievedOutput ===>> No Response
Requested Output= 0.000
Achieved Output=  0.000
GetResponseBlob ===>> No Response
GetOutputBlob ===>> No Response
persistence save...
persistence save - db
AutomatedRunPersister post_extraction_save deprecated
persistence save - dvc
no extraction position for 209
create new session 4989684624
close session 4989684624
Extraction Finished
11:31:29 -- ******* Extraction Finished *******
no overlap. not waiting for min ms pumptime
11:31:29 -- Sending spectrometer configuration
======== Sending configuration ========
SetDeflection CDD,50.0 ===>> OK
SetDeflection H2,0.0 ===>> OK
SetDeflection H1,0.0 ===>> OK
SetDeflection L2,825.0 ===>> OK
SetDeflection L1,400.0 ===>> OK
SetDeflection AX,190.0 ===>> OK
SetZFocus 74.64 ===>> OK
SetZSymmetry -50.72 ===>> OK
SetExtractionLens 26.13 ===>> OK
SetIonRepeller -3.81 ===>> OK
SetElectronEnergy 75.08 ===>> OK
SetYSymmetry -2.81 ===>> OK
SetIonCounterVoltage 1590.0 ===>> OK
send trap current 200.0
GetParameter Trap Current Readback ===>> 198.035158395898
SetParameter Trap Current Set,200.0 ===>> OK
updating mftable name mftable
Using mftable located at /Users/jan/PychronDev/setupfiles/spectrometer/mftables/mftable.csv
============ MFtable ===========
Isotope  H2     H1     AX     L1     L2     CDD    
Ar40     5.7716 5.8794 5.9927 6.1115 6.2314 6.3397
Ar39     5.6708 5.7717 5.8851 5.9976 6.1165 6.2262
Ar36     5.3483 5.4407 5.5485 5.6564 5.7715 5.8773
================================
get initial guess parabolic
get initial guess parabolic
get initial guess parabolic
get initial guess parabolic
get initial guess parabolic
get initial guess parabolic
======== Configuration Finished ========
GetYSymmetry ===>> -2.81
GetZSymmetry ===>> -50.72
GetParameter Trap Current Readback ===>> 198.035158395898
GetHighVoltage ===>> 4499.94659342336
start measurement
do measurement
L#=65586 analysis type=unknown
Measurement Started jan_unknown400_120.py
11:31:29 -- ******* Measurement Started jan_unknown400_120.py *******
state changed from extraction to measurement
setting spec, defl, and gains
GetExtractionLens ===>> 26.13
GetYSymmetry ===>> -2.81
GetZSymmetry ===>> -50.72
GetZFocus ===>> 74.64
GetDeflection H2 ===>> 0
GetDeflection H1 ===>> 0
GetDeflection AX ===>> 190
GetDeflection L1 ===>> 400
GetDeflection L2 ===>> 825
GetDeflection CDD ===>> 50
GetGain H2 ===>> 0.0113
GetGain H1 ===>> 0.1
GetGain AX ===>> 0.097049
GetGain L1 ===>> 0.010355
GetGain L2 ===>> 0.095649
GetGain CDD ===>> 0
pre measurement save
New frame /Users/jan/PychronDev/data/isotopes/d3/c18c84-5c1d-48dd-89c4-3f69402b5e0d.h5
flush and close file /Users/jan/PychronDev/data/isotopes/d3/c18c84-5c1d-48dd-89c4-3f69402b5e0d.h5
testing...
no interpolation path defined
executed 568.532928
unknown measurement script
activate_detectors ('H2', 'H1', 'AX', 'L1', 'L2', 'CDD') {}
activate detectors
*************** Set Analysis View Ar/Ar
create graphs
Get Checksum: -2130039545
clearing graphs
clear isotope group
setting isotope det=H2, iso=PM41
setting isotope det=H1, iso=Ar40
setting isotope det=AX, iso=Ar39
setting isotope det=L1, iso=Ar38
setting isotope det=L2, iso=Ar37
setting isotope det=CDD, iso=Ar36
setting previous blanks
 - setting Ar40 blank 0.469+/-0.008
 - setting Ar36 blank 0.00497+/-0.00018
 - setting Ar37 blank 0.044+/-0.006
 - setting Ar38 blank 0.0201+/-0.0021
 - setting PM41 blank 0.02+/-0.06
 - setting Ar39 blank 0.031+/-0.008
load analysis view
position_magnet ('Ar40',) {'detector': 'H1'}
detector Detector(H1)
POSITION Ar40 H1
setting detector H2 to PM41 (40.9624)
setting detector H1 to Ar40 (39.9624)
setting detector AX to Ar39 (38.9624)
setting detector L1 to Ar38 (37.9624)
setting detector L2 to Ar37 (36.9624)
setting detector CDD to Ar36 (35.9624)
Mapping mass to dac mass func: "parabolic"
H1 map mass coeffs = [-0.00063987  0.15840543  0.57102999]
H1 map mass to dac 39.9624 >> 5.87942
GetDeflection H1 ===>> 0
GetHighVoltage ===>> 4499.94659342336
positioning Ar40 (5.87938537665) on H1
setting magnet DAC
current  : 5.879385
requested: 5.879385
Delta Dac: 0.000000
Checking detector protection. dv=0.00000
Checking detector "CDD". Protection Threshold: 0.1 (V)
SetMagnetDAC 5.87938537665 ===>> OK
Magnet settling time: 0.500
equilibrate () {'delay': 3, 'inlet': 'R', 'outlet': 'O', 'eqtime': 12.0}
Equilibration Started
11:31:31 -- ******* Equilibration Started *******
checking ownership. requestor=129.138.12.150
check software interlocks O
interlocks []
actuate state mode=None-script, software_lock=False
doing actuation None-script close_channel True
Close O ===>> OK
GetValveState O ===>> False
change switch state (True, True)
update switch state O False args=() kw={} ncanvase=2
11:31:31 -- CLOSE  VALVE-O (Jan Ion Pump)
waiting 3s before opening inlet value ('R',)
Get Checksum: 94249481
checking ownership. requestor=129.138.12.150
check software interlocks R
interlocks []
actuate state mode=None-script, software_lock=False
doing actuation None-script open_channel True
Open R ===>> OK
GetValveState R ===>> OK
change switch state (True, True)
update switch state R True args=() kw={} ncanvase=2
11:31:34 -- OPEN   VALVE-R (Jan Inlet)
equilibrating for 12.0sec
set_time_zero () {}
sniff (12.0,) {}
py_sniff
build tables- sniff [Detector(H2), Detector(H1), Detector(AX), Detector(L1), Detector(L2), Detector(CDD)]
add group /sniff/PM41 (Group) '' table H2
add group /sniff/Ar40 (Group) '' table H1
add group /sniff/Ar39 (Group) '' table AX
add group /sniff/Ar38 (Group) '' table L1
add group /sniff/Ar37 (Group) '' table L2
add group /sniff/Ar36 (Group) '' table CDD
flush and close file /Users/jan/PychronDev/data/isotopes/d3/c18c84-5c1d-48dd-89c4-3f69402b5e0d.h5
measuring sniff. ncounts=12.0
starting measurement
GetData ===>> H2,-0.0338365338959491,H1,-0.0323119022447969,AX,0.0165329207275544,L1,-0.00265320120971721,L2,0....
Get Checksum: 1960751959
GetData ===>> H2,0.73071963681428,H1,0.364421072800414,AX,1.01582935137611,L1,0.116951195656114,L2,0.2985150269...
GetData ===>> H2,0.507494207631519,H1,0.479580531079082,AX,0.465923270135274,L1,0.152973832208621,L2,0.11026483...
GetData ===>> H2,0.0713559857714781,H1,0.61348053457293,AX,0.222884718254258,L1,0.0799618619670835,L2,0.1287344...
Get Checksum: 1960751959
GetData ===>> H2,-0.112612192877241,H1,0.569365654960907,AX,0.0572491505259691,L1,0.0361511015001648,L2,0.07849...
GetData ===>> H2,-0.0901451860214943,H1,0.588758499080222,AX,0.0659353769861041,L1,0.0163763806000598,L2,0.0977...
GetData ===>> H2,-0.133127317354356,H1,0.542059321852162,AX,-0.0169932549656801,L1,0.0536567259108263,L2,0.0970...
Get Checksum: 1960751959
GetData ===>> H2,-0.174236085650531,H1,0.609770644443475,AX,0.0201762526520573,L1,0.0187833420667474,L2,0.06261...
GetData ===>> H2,-0.217920682808362,H1,0.616209186411854,AX,0.0377450599772201,L1,-0.0125686257032358,L2,0.0545...
GetData ===>> H2,-0.2193758712187,H1,0.674849037143166,AX,0.0741700320739163,L1,-0.0295903901086744,L2,0.046399...
Get Checksum: 1960751959
GetData ===>> H2,-0.239297705453944,H1,0.676691442729216,AX,-0.0875808714235615,L1,-0.0382033995819867,L2,0.028...
Equilibration Finished
11:31:46 -- ******* Equilibration Finished *******
checking ownership. requestor=129.138.12.150
check software interlocks R
interlocks []
actuate state mode=None-script, software_lock=False
doing actuation None-script close_channel True
GetData ===>> H2,-0.188662393205153,H1,0.630021131971837,AX,0.0512313283615149,L1,-0.00240603034075622,L2,-0.03...
Close R ===>> OK
GetValveState R ===>> False
change switch state (True, True)
update switch state R False args=() kw={} ncanvase=2
11:31:47 -- CLOSE  VALVE-R (Jan Inlet)
Post Equilibration Started jan_pump_extraction_line.py
11:31:47 -- ******* Post Equilibration Started jan_pump_extraction_line.py *******
testing...
no interpolation path defined
calculate duration
testing...
no interpolation path defined
executed 4.0
executed 4.0
Pump after analysis
doing GOSUB
testing...
no interpolation path defined
executed 4.0
Pump Microbone
close () {'description': 'Jan Inlet'}
closing name=--- desc=Jan Inlet
checking ownership. requestor=129.138.12.150
check software interlocks R
interlocks []
actuate state mode=None-script, software_lock=False
doing actuation None-script close_channel False
Close R ===>> OK
GetValveState R ===>> False
change switch state (True, True)
update switch state R False args=() kw={} ncanvase=2
11:31:47 -- CLOSE  VALVE-R (Jan Inlet)
---------------------------------------- close None (Jan Inlet) result=[(True, True)]
Get Checksum: 94249481
measurement finished
estimated time: 12.583 actual time: :12.665
flush and close file /Users/jan/PychronDev/data/isotopes/d3/c18c84-5c1d-48dd-89c4-3f69402b5e0d.h5
set_fits () {}
using default fits file=/Users/jan/PychronDev/scripts/measurement/fits/nominal.yaml
set "Ar40" to "('Parabolic', 'SEM')"
No fit for "PM41". defaulting to linear. check the measurement script "jan_unknown400_120.py"
set "PM41" to "linear"
set "Ar36" to "('Parabolic', 'SEM')"
set "Ar37" to "('linear', 'SEM')"
set "Ar38" to "('linear', 'SEM')"
set "Ar39" to "('Parabolic', 'SEM')"
set_baseline_fits () {}
using default fits file=/Users/jan/PychronDev/scripts/measurement/fits/nominal.yaml
set "H1" to "('average', 'SEM')"
set "H2" to "('average', 'SEM')"
set "CDD" to "('average', 'SEM')"
set "L2" to "('average', 'SEM')"
set "L1" to "('average', 'SEM')"
set "AX" to "('average', 'SEM')"
multicollect () {'integration_time': 1, 'ncounts': 400}
build tables- signal [Detector(H2), Detector(H1), Detector(AX), Detector(L1), Detector(L2), Detector(CDD)]
add group /signal/PM41 (Group) '' table H2
add group /signal/Ar40 (Group) '' table H1
add group /signal/Ar39 (Group) '' table AX
add group /signal/Ar38 (Group) '' table L1
add group /signal/Ar37 (Group) '' table L2
add group /signal/Ar36 (Group) '' table CDD
flush and close file /Users/jan/PychronDev/data/isotopes/d3/c18c84-5c1d-48dd-89c4-3f69402b5e0d.h5
measuring signal. ncounts=400
action=close, ok=True, locked=[False]
is_closed ('F',) {}
is F () closed?
is closed True
open () {'description': 'CO2 Laser to Jan'}
opening name=--- desc=CO2 Laser to Jan
checking ownership. requestor=129.138.12.150
check software interlocks A
interlocks []
actuate state mode=None-script, software_lock=False
doing actuation None-script open_channel False
Open A ===>> OK
GetValveState A ===>> OK
change switch state (True, True)
update switch state A True args=() kw={} ncanvase=2
11:31:48 -- OPEN   VALVE-A (CO2 Laser to Jan)
---------------------------------------- open None (CO2 Laser to Jan) result=[(True, True)], time=0.11 sec
action=open, ok=True, locked=[False]
sleep (1,) {}
SLEEP 1.0
starting measurement
GetData ===>> H2,0.0187241069961979,H1,0.66841284652599,AX,0.134106820109847,L1,-0.00968423020990604,L2,-0.0023...
close () {'description': 'CO2 Laser to Roughing'}
closing name=--- desc=CO2 Laser to Roughing
checking ownership. requestor=129.138.12.150
check software interlocks G
interlocks []
actuate state mode=None-script, software_lock=True
VALVE-G(CO2 Laser to Roughing) software locked
change switch state (True, False)
---------------------------------------- close None (CO2 Laser to Roughing) result=[(True, False)]
action=close, ok=True, locked=[True]
open () {'description': 'Microbone to Turbo'}
opening name=--- desc=Microbone to Turbo
checking ownership. requestor=129.138.12.150
check software interlocks U
interlocks []
actuate state mode=None-script, software_lock=False
doing actuation None-script open_channel True
Open U ===>> OK
GetData ===>> H2,-0.0744292402766771,H1,0.648951262746711,AX,0.0616791451707613,L1,-0.0214287925369854,L2,0.089...
GetValveState U ===>> OK
change switch state (True, True)
update switch state U True args=() kw={} ncanvase=2
11:31:49 -- OPEN   VALVE-U (Microbone to Turbo)
---------------------------------------- open None (Microbone to Turbo) result=[(True, True)], time=0.18 sec
action=open, ok=True, locked=[False]
open () {'description': 'Microbone to Getter NP-10'}
opening name=--- desc=Microbone to Getter NP-10
checking ownership. requestor=129.138.12.150
check software interlocks M
interlocks []
actuate state mode=None-script, software_lock=False
doing actuation None-script open_channel False
Open M ===>> OK
GetValveState M ===>> OK
change switch state (True, True)
update switch state M True args=() kw={} ncanvase=2
11:31:49 -- OPEN   VALVE-M (Microbone to Getter NP-10)
---------------------------------------- open None (Microbone to Getter NP-10) result=[(True, True)], time=0.14 sec
action=open, ok=True, locked=[False]
open () {'description': 'Microbone to Getter D-50'}
opening name=--- desc=Microbone to Getter D-50
checking ownership. requestor=129.138.12.150
check software interlocks K
interlocks []
actuate state mode=None-script, software_lock=False
doing actuation None-script open_channel False
GetData ===>> H2,-0.113642246326015,H1,0.70753880997787,AX,0.0832173573624839,L1,0.0195593613493013,L2,-0.02039...
Open K ===>> OK
GetValveState K ===>> OK
change switch state (True, True)
update switch state K True args=() kw={} ncanvase=2
11:31:50 -- OPEN   VALVE-K (Microbone to Getter D-50)
---------------------------------------- open None (Microbone to Getter D-50) result=[(True, True)], time=0.40 sec
Get Checksum: 298237084
action=open, ok=True, locked=[False]
open () {'description': 'Microbone to CO2 Laser'}
opening name=--- desc=Microbone to CO2 Laser
checking ownership. requestor=129.138.12.150
check software interlocks T
interlocks []
actuate state mode=None-script, software_lock=False
doing actuation None-script open_channel False
Open T ===>> OK
GetValveState T ===>> OK
GetData ===>> H2,-0.148271439268962,H1,0.694722481107024,AX,-0.0362568808978389,L1,0.0277590204152751,L2,0.0910...
change switch state (True, True)
update switch state T True args=() kw={} ncanvase=2
11:31:51 -- OPEN   VALVE-T (Microbone to CO2 Laser)
---------------------------------------- open None (Microbone to CO2 Laser) result=[(True, True)], time=0.74 sec
action=open, ok=True, locked=[False]
open () {'description': 'Microbone to Inlet Pipette'}
opening name=--- desc=Microbone to Inlet Pipette
checking ownership. requestor=129.138.12.150
check software interlocks S
interlocks []
actuate state mode=None-script, software_lock=False
doing actuation None-script open_channel False
Open S ===>> OK
GetValveState S ===>> OK
change switch state (True, True)
update switch state S True args=() kw={} ncanvase=2
11:31:52 -- OPEN   VALVE-S (Microbone to Inlet Pipette)
---------------------------------------- open None (Microbone to Inlet Pipette) result=[(True, True)], time=0.38 sec
action=open, ok=True, locked=[False]
sleep (1,) {}
SLEEP 1.0
GetData ===>> H2,-0.159537115275929,H1,0.739341376745473,AX,-0.0392255293138525,L1,-0.0177154769115803,L2,-0.08...
set_resource () {'name': 'CO2PumpTimeFlag', 'value': 30}
Set CO2PumpTimeFlag 30 ===>> OK
release ('JanCO2Flag',) {}
release JanCO2Flag
Set JanCO2Flag 0 ===>> OK
executed 6.0
PumpMicrobone.py completed successfully
gosub finished
get_resource_value () {'name': 'JanMiniboneFlag'}
Read JanMiniboneFlag ===>> 0
Get Resource Value JanMiniboneFlag=0.0
get resource value 0.0
get_resource_value () {'name': 'JanMiniboneFlag'}
Read JanMiniboneFlag ===>> 0
Get Resource Value JanMiniboneFlag=0.0
executed 4.0
jan_pump_extraction_line.py completed successfully
Post Equilibration Finished
11:31:53 -- ******* Post Equilibration Finished *******
GetData ===>> H2,-0.154809066254567,H1,0.700705624415643,AX,-0.0587514128562456,L1,0.00864412443152657,L2,-0.06...
Get Checksum: 298237084
GetData ===>> H2,-0.203384117038433,H1,0.789441558869508,AX,-0.0619512434009435,L1,-0.0164586102212589,L2,-0.06...
GetData ===>> H2,-0.157099039142254,H1,0.82716489234127,AX,0.00379393392278671,L1,-0.0588980360531828,L2,-0.015...
Get Checksum: 298237084
GetData ===>> H2,-0.0833631783429572,H1,0.849650688142467,AX,0.00268022197306322,L1,-0.0395066958479976,L2,0.03...
GetData ===>> H2,-0.107029581089502,H1,0.834446085193608,AX,-0.00629861512846444,L1,-0.00225964473233873,L2,0.0...
GetData ===>> H2,-0.210411397856376,H1,0.880545862207893,AX,-0.00757461003288509,L1,0.0148729219147354,L2,-0.02...
Get Checksum: 298237084
GetData ===>> H2,-0.223949063180604,H1,0.892990438016406,AX,-0.0392255293138525,L1,-0.00246002449512794,L2,0.00...
GetData ===>> H2,-0.127977491505657,H1,0.830567756384926,AX,0.0294592432578892,L1,-0.049778610392896,L2,0.00706...
GetData ===>> H2,-0.0227191950527789,H1,0.839306519199767,AX,0.0390680707905463,L1,-0.00608177113118794,L2,0.01...
Get Checksum: 298237084
GetData ===>> H2,0.0143652160668705,H1,0.823354779877383,AX,0.0246087702438119,L1,0.0347651577988316,L2,0.06423...
GetData ===>> H2,-0.134088870644684,H1,0.841617103496506,AX,-0.0860857054294968,L1,0.0130443363988272,L2,0.0412...
GetData ===>> H2,-0.137092016555854,H1,0.844909478576672,AX,0.0281595712846975,L1,0.00957177794425705,L2,0.0094...
Get Checksum: 298237084
GetData ===>> H2,-0.192400895906544,H1,0.936217060295319,AX,-0.000162005977245862,L1,0.000996185193482133,L2,0....
GetData ===>> H2,-0.238507446824679,H1,0.901423441861593,AX,-0.0536963936803176,L1,-0.0390239688668223,L2,0.017...
GetData ===>> H2,-0.278456150099217,H1,0.857637018903668,AX,-0.0419157887243687,L1,-0.0238524393999088,L2,0.013...
Get Checksum: 298237084
GetData ===>> H2,-0.196442834948052,H1,0.869372209127639,AX,0.0166837566047028,L1,-0.0205776207254872,L2,-0.007...
GetData ===>> H2,-0.0988423608462914,H1,0.86463006937032,AX,-0.0224329191548767,L1,-0.0187407623633604,L2,0.017...
GetData ===>> H2,-0.138673723347522,H1,0.925564429466497,AX,-0.0695678080019717,L1,-0.0138391278554249,L2,0.037...
Get Checksum: 298237084
GetData ===>> H2,-0.217829053565237,H1,1.05088574331151,AX,-0.05621234201073,L1,-0.00279718144353537,L2,-0.0363...
11:32:13 -- collecting point 25
GetData ===>> H2,-0.252048627451537,H1,1.03873302494837,AX,0.00410716770448008,L1,0.0193106923189634,L2,0.00167...
GetData ===>> H2,-0.259990455994738,H1,1.01183642931952,AX,0.0478769958600344,L1,0.0262649434402151,L2,0.004832...
Get Checksum: 298237084
GetData ===>> H2,-0.163392392243306,H1,1.10011087232669,AX,0.0198977766094856,L1,0.00907133846605335,L2,-0.0252...
GetData ===>> H2,-0.175403880707121,H1,1.0363242284497,AX,-0.0668667201337114,L1,-0.00822733228711164,L2,0.0741...
GetData ===>> H2,-0.210474711121627,H1,0.987063266597343,AX,-0.0387384916426786,L1,-0.0467136988241211,L2,0.065...
Get Checksum: 298237084
GetData ===>> H2,-0.15078336704857,H1,1.13785525254848,AX,-0.0760014277547819,L1,-0.0448343175794043,L2,0.01266...
GetData ===>> H2,-0.250387800535607,H1,1.09322797685178,AX,-0.0174804014659513,L1,-0.035061856889531,L2,-0.0298...
GetData ===>> H2,-0.179882236988921,H1,1.07182685810285,AX,0.0187954834248426,L1,-0.0243581911586651,L2,0.09447...
Get Checksum: 298237084
GetData ===>> H2,-0.229081765123904,H1,1.07367304976374,AX,0.0587799112261697,L1,-0.0168076223471266,L2,-0.0813...
GetData ===>> H2,-0.256977222044047,H1,1.08261676932229,AX,0.01587156617898,L1,-0.00304794210192779,L2,0.012139...
Get Checksum: 298237084
GetData ===>> H2,-0.0962857760123866,H1,1.08551825391958,AX,0.0321398714998081,L1,-0.0167452568074874,L2,0.0242...
GetData ===>> H2,-0.100847415011508,H1,1.1650538910138,AX,0.0423408589934149,L1,-0.0152591635499359,L2,0.060768...
GetData ===>> H2,-0.158124310681,H1,1.12089431707554,AX,-0.0754218398066098,L1,-0.0304491834973427,L2,-0.017949...
Get Checksum: 298237084
GetData ===>> H2,-0.238059731455337,H1,1.22204295808614,AX,-0.0782270133941811,L1,-0.0304803238600113,L2,-0.013...
GetData ===>> H2,-0.101422736598137,H1,1.19835733272813,AX,0.00510488202375542,L1,-0.0160855976247247,L2,0.0345...
GetData ===>> H2,-0.113850682044303,H1,1.09632162424782,AX,-0.079235465127784,L1,-0.0224273290653874,L2,-0.0933...
Get Checksum: 298237084
GetData ===>> H2,-0.225412901812746,H1,1.11997078382056,AX,0.0854677200854315,L1,0.0020152734309559,L2,0.069094...
GetData ===>> H2,-0.175796718797756,H1,1.23462617392367,AX,0.0167881815796852,L1,0.0382922960052162,L2,-0.00246...
GetData ===>> H2,-0.134215989734831,H1,1.20712006831345,AX,0.107266450376452,L1,-0.0092825551295397,L2,0.031223...
Get Checksum: 298237084
GetData ===>> H2,-0.165941151059355,H1,1.17870997008163,AX,0.00755280582878427,L1,-0.0077368558322208,L2,0.1522...
GetData ===>> H2,-0.101311735642386,H1,1.24493142719004,AX,0.0308285592851666,L1,0.0179160970937669,L2,-0.04135...
GetData ===>> H2,-0.108544835186375,H1,1.23848902075669,AX,-0.0113096989696807,L1,0.0140720494688665,L2,-0.0322...
Get Checksum: 298237084
GetData ===>> H2,-0.244728396004101,H1,1.23900487797559,AX,-0.0291827833661788,L1,-0.0152759567901878,L2,0.0592...
GetData ===>> H2,-0.193770337551933,H1,1.29081999746352,AX,-0.0180719332241207,L1,-0.0374810035829972,L2,0.0849...
GetData ===>> H2,-0.174028165001315,H1,1.39076954582362,AX,-3.43975220836854E-05,L1,-0.0349755764191359,L2,-0.0...
Get Checksum: 298237084
11:32:39 -- collecting point 50
GetData ===>> H2,-0.110748113590563,H1,1.25588566377879,AX,-0.0397705447703148,L1,-0.0288069915859417,L2,-0.004...
GetData ===>> H2,-0.112520146760271,H1,1.33370341953676,AX,-0.0557833600290202,L1,0.0172879316156684,L2,0.04832...
GetData ===>> H2,-0.110482758620688,H1,1.33189022899229,AX,0.0193872392670078,L1,-0.00550602570701099,L2,0.0090...
Get Checksum: 298237084
GetData ===>> H2,-0.163382941329155,H1,1.31329189990324,AX,0.0939012429937127,L1,-0.0344518860098613,L2,0.05877...
GetData ===>> H2,-0.197335678248142,H1,1.33632119589022,AX,0.111513072090995,L1,-0.033792628577969,L2,-0.047482...
GetData ===>> H2,-0.252817769752432,H1,1.38020909536529,AX,-0.013200388108309,L1,-0.0193498883346033,L2,-0.0585...
Get Checksum: 298237084
GetData ===>> H2,-0.166707826491799,H1,1.35144078532605,AX,-0.0298438273736154,L1,0.027250961363241,L2,-0.02967...
GetData ===>> H2,-0.158233721534432,H1,1.39040910265573,AX,-0.014859060606771,L1,0.00149191252715733,L2,0.05262...
Get Checksum: 298237084
GetData ===>> H2,-0.167821303166682,H1,1.37429860946277,AX,0.0540021620380091,L1,-0.0197479586098191,L2,0.03751...
GetData ===>> H2,-0.164873388096467,H1,1.37208827288944,AX,0.0372460342522951,L1,-0.034039271389371,L2,0.075927...
GetData ===>> H2,-0.182150433081757,H1,1.42524622506517,AX,0.0360507039636431,L1,-0.0268038970643409,L2,0.06772...
Get Checksum: 298237084
GetData ===>> H2,-0.135592571208008,H1,1.54237577270473,AX,-0.00111326373473223,L1,0.0153688463557208,L2,0.0752...
GetData ===>> H2,-0.206266975761713,H1,1.50399842907285,AX,-0.034343446230975,L1,0.0323687539166226,L2,0.027996...
GetData ===>> H2,-0.247557780292072,H1,1.45390029591714,AX,0.0322675223048076,L1,-0.00621850583087404,L2,0.0611...
Get Checksum: 298237084
GetData ===>> H2,-0.273345496274294,H1,1.42644698658512,AX,0.086070918931225,L1,-0.0225136324908528,L2,0.038486...
GetData ===>> H2,-0.122684026461263,H1,1.49802619393455,AX,0.0462985264332393,L1,-0.014811733328456,L2,-0.01614...
GetData ===>> H2,-0.13013202923211,H1,1.51882840541433,AX,-0.0427622773815111,L1,-0.0372905124056787,L2,-0.0263...
Get Checksum: 298237084
GetData ===>> H2,-0.224233227001538,H1,1.4942892206508,AX,-0.00763260940379851,L1,-0.0419702786241221,L2,-0.008...
GetData ===>> H2,-0.148519955853441,H1,1.56384845470623,AX,0.0667124203158602,L1,0.00875332629548759,L2,0.03085...
GetData ===>> H2,-0.0925500698978745,H1,1.54708831029489,AX,0.0852473214391415,L1,-0.0136293861957949,L2,-0.033...
Get Checksum: 298237084
GetData ===>> H2,-0.195861504839837,H1,1.53041509059817,AX,0.0387663298996708,L1,-0.00292676189366434,L2,0.0912...
GetData ===>> H2,-0.232569110029971,H1,1.53803610500678,AX,0.0850501230731808,L1,-0.053640431571808,L2,0.004376...
GetData ===>> H2,-0.128478991954464,H1,1.56430536994245,AX,0.071792348887208,L1,-0.0204793117361385,L2,0.020620...
Get Checksum: 298237084
GetData ===>> H2,-0.169015638309899,H1,1.71252054248978,AX,-0.00124087077557669,L1,-0.0193702718337175,L2,-0.02...
GetData ===>> H2,-0.260896974932568,H1,1.56772027565946,AX,0.0620038647482825,L1,-0.028403289925702,L2,0.021760...
11:33:06 -- collecting point 75
GetData ===>> H2,-0.106611497730043,H1,1.62489296366168,AX,0.0593365574474303,L1,-0.0280271260184355,L2,-0.0109...
GetData ===>> H2,-0.149369463260999,H1,1.6084389609867,AX,0.0990405978865259,L1,-0.0495847623919879,L2,-0.03521...
GetData ===>> H2,-0.273148007975923,H1,1.66023787556397,AX,0.0944580900164737,L1,-0.027408940755492,L2,-0.02057...
Get Checksum: 298237084
GetData ===>> H2,-0.248994400145173,H1,1.6577248523385,AX,0.0742164264696913,L1,-0.00110768371284404,L2,-0.0128...
GetData ===>> H2,-0.072886466879603,H1,1.74299818014128,AX,0.000580445561072307,L1,-0.0246194463237043,L2,0.069...
Get Checksum: 298237084
GetData ===>> H2,-0.15607637685701,H1,1.7137596827056,AX,-0.00162369089421906,L1,-0.00159368333919366,L2,-0.025...
GetData ===>> H2,-0.0859960838438533,H1,1.7365120377711,AX,0.00778483971525488,L1,-0.0154246956947149,L2,0.1195...
%%%%%%%%%%%%%%%%%% Stop fired alive=True
11:33:12 -- stop execution
_cancel
GetData ===>> H2,-0.179646081000711,H1,1.70624086184799,AX,0.116096382518159,L1,-0.00486786938978332,L2,-0.0995...
Get Checksum: 298237084
GetData ===>> H2,-0.221554261476232,H1,1.76669599697339,AX,0.0431068465878383,L1,-0.0395593991269472,L2,-0.0012...
Queue cancel. stop timer
Stop timer. self._timer: <pychron.core.helpers.timer.Timer object at 0x1373fc3b0>
Estimated total time= 149490.0, elapsed time= 206.0, deviation= 149284.0
set extraction state False (0.75, 'green', 1.5)
wait dialog stopped
Cancel run state=None do_post_equilibration=True
wait dialog stopped
%%%%%%%%%%%%%%%%%%%%%%%%%%%%%%%%%%% disable
set extraction state False (0.75, 'red', 1.5)
disabling laser
GetData ===>> H2,-0.280393697726399,H1,1.76124344190638,AX,0.0511843276461361,L1,-0.0400732416136043,L2,-0.0292...
Disable ===>> OK
AbortPattern ===>> OK
Post Termination Started
11:33:15 -- ******* Post Termination Started *******
Post Measurement Started jan_pump_ms.py
11:33:15 -- ******* Post Measurement Started jan_pump_ms.py *******
testing...
no interpolation path defined
executed 0
Pumping spectrometer
open () {'name': 'O'}
opening name=O desc=---
checking ownership. requestor=129.138.12.150
check software interlocks O
interlocks []
actuate state mode=None-script, software_lock=False
doing actuation None-script open_channel True
Open O ===>> OK
GetValveState O ===>> OK
change switch state (True, True)
update switch state O True args=() kw={} ncanvase=2
11:33:15 -- OPEN   VALVE-O (Jan Ion Pump)
---------------------------------------- open O () result=[(True, True)], time=0.08 sec
action=open, ok=True, locked=[False]
executed 0
jan_pump_ms.py completed successfully
setting _ms_pumptime
Post Measurement Finished
11:33:15 -- ******* Post Measurement Finished *******
----------------- stop -----------------
Post Termination Finished
11:33:15 -- ******* Post Termination Finished *******
----------------- finish -----------------
state changed from measurement to failed
----------------- stop -----------------
measurement finished
estimated time: 419.430 actual time: :88.362
flush and close file /Users/jan/PychronDev/data/isotopes/d3/c18c84-5c1d-48dd-89c4-3f69402b5e0d.h5
measurement collection canceled
Cancel run state=canceled do_post_equilibration=True
wait dialog stopped
%%%%%%%%%%%%%%%%%%%%%%%%%%%%%%%%%%% disable
set extraction state False (0.75, 'red', 1.5)
disabling laser
Disable ===>> OK
AbortPattern ===>> OK
Post Termination Started
11:33:16 -- ******* Post Termination Started *******
----------------- stop -----------------
Post Termination Finished
11:33:16 -- ******* Post Termination Finished *******
----------------- finish -----------------
----------------- stop -----------------
state changed from failed to canceled
_cancel
Queue cancel. stop timer
Stop timer. self._timer: <pychron.core.helpers.timer.Timer object at 0x1373fc3b0>
Estimated total time= 149490.0, elapsed time= 206.0, deviation= 149284.0
set extraction state False (0.75, 'green', 1.5)
wait dialog stopped
Cancel run state=None do_post_equilibration=True
wait dialog stopped
%%%%%%%%%%%%%%%%%%%%%%%%%%%%%%%%%%% disable
set extraction state False (0.75, 'red', 1.5)
disabling laser
Disable ===>> OK
AbortPattern ===>> OK
Post Termination Started
11:33:16 -- ******* Post Termination Started *******
----------------- stop -----------------
Post Termination Finished
11:33:16 -- ******* Post Termination Finished *******
----------------- finish -----------------
----------------- stop -----------------
executed 568.532928
----------------- finish -----------------
----------------- stop -----------------
Measurement Finished unsuccessfully. Aborted=False
11:33:16 -- ******* Measurement Finished unsuccessfully. Aborted=False *******
failed execution step Measurement Failed
measurement did not complete successfully
state changed from canceled to failed
11:33:16 -- Automated run 65586-01 failed duration: 202.118 s
----------------- finish -----------------
----------------- stop -----------------
finish run. runs completed=1
write rem/ex queues
/Users/jan/PychronDev/experiments/rem/CurrentExperiment.rem.txt
/Users/jan/PychronDev/experiments/rem/CurrentExperiment.ex.txt
doing event level: 3
